C251 COMPILER V5.60.0,  CCD                                                                25/02/25  20:33:08  PAGE 1   


C251 COMPILER V5.60.0, COMPILATION OF MODULE CCD
OBJECT MODULE PLACED IN .\out_file\CCD.obj
COMPILER INVOKED BY: D:\Keil_v5\C251\BIN\C251.EXE ..\code\CCD.c LARGE NOALIAS FLOAT64 WARNINGLEVEL(3) OPTIMIZE(SIZE) BRO
                    -WSE INCDIR(..\..\libraries\zf_common;..\..\libraries\zf_components;..\..\libraries\zf_device;..\..\libraries\zf_driver;.
                    -.\user;..\code) DEBUG PRINT(.\out_file\CCD.lst) OBJECT(.\out_file\CCD.obj) 

stmt  level    source

    1          #include "CCD.h"
    2          #include "isr.h"
    3          
    4          uint16 i, j;
    5          
    6          uint8 y1_boundary[128];
    7          uint8 y2_boundary[128];
    8          uint8 y3_boundary[128];
    9          
   10          //-------------------------------------------------------------------------------------------------------
             -------------
   11          // 函数简介     滴答客发送函数
   12          // 参数说明     *buff           需要发送的数据地址
   13          // 参数说明     length          需要发送的长度
   14          // 返回参数     uint32          剩余未发送数据长度
   15          // 使用示例
   16          //-------------------------------------------------------------------------------------------------------
             -------------
   17          uint32 seekfree_assistant_transfer   (const uint8 *buff, uint32 length)
   18          {
   19   1              uart_write_buffer(DEBUG_UART_INDEX, buff, (uint16)length);
   20   1              return 0;
   21   1      }
   22          
   23          void CCD_Display(void)
   24          {
   25   1              // 设置函数指针
   26   1              seekfree_assistant_transfer_callback = seekfree_assistant_transfer;
   27   1          seekfree_assistant_camera_information_config(SEEKFREE_ASSISTANT_MT9V03X, NULL, 128, 256);
   28   1          // 设置一个边线用于显示CCD波形
   29   1          seekfree_assistant_camera_boundary_config(Y_BOUNDARY, 128, NULL, NULL ,NULL, y1_boundary, y2_boundary
             -, y3_boundary);
   30   1          // 边线3用于显示中线
   31   1          memset(y3_boundary, 0x80, sizeof(y3_boundary));
   32   1              
   33   1              if(tsl1401_finish_flag)
   34   1              {
   35   2                      tsl1401_finish_flag = 0;
   36   2                      
   37   2      //              tsl1401_send_data(DEBUG_UART_INDEX, 0);
   38   2      //              tsl1401_send_data(DEBUG_UART_INDEX, 1);
   39   2                      
   40   2                      for(j = 0; j < 128; j++)
   41   2                      {
   42   3                              // 获取CCD数据，并按分辨率进行压缩
   43   3                              switch(TSL1401_AD_RESOLUTION)
   44   3                              {
   45   4                                      case ADC_8BIT:
   46   4                                      {
   47   5                                              y1_boundary[j] = (uint8)(128 - tsl1401_data[0][j] / 2);
   48   5                                              y2_boundary[j] = (uint8)(256 - tsl1401_data[1][j] / 2);
   49   5                                              break;
   50   5                                      }
   51   4                                      case ADC_10BIT:
   52   4                                      {
   53   5                                              y1_boundary[j] = (uint8)(128 - tsl1401_data[0][j] / 8);
   54   5                                              y2_boundary[j] = (uint8)(256 - tsl1401_data[1][j] / 8);
C251 COMPILER V5.60.0,  CCD                                                                25/02/25  20:33:08  PAGE 2   

   55   5                                              break;
   56   5                                      }
   57   4                                      case ADC_12BIT:
   58   4                                      {
   59   5                                              y1_boundary[j] = (uint8)(128 - tsl1401_data[0][j] / 32);
   60   5                                              y2_boundary[j] = (uint8)(256 - tsl1401_data[1][j] / 32);
   61   5                                              break;
   62   5                                      }
   63   4                              }
   64   3                      }
   65   2                      // 发送图像
   66   2                      seekfree_assistant_camera_send();
   67   2              }
   68   1      }


Module Information          Static   Overlayable
------------------------------------------------
  code size            =       279     ------
  ecode size           =    ------     ------
  data size            =    ------     ------
  idata size           =    ------     ------
  pdata size           =    ------     ------
  xdata size           =       388     ------
  xdata-const size     =    ------     ------
  edata size           =    ------     ------
  bit size             =    ------     ------
  ebit size            =    ------     ------
  bitaddressable size  =    ------     ------
  ebitaddressable size =    ------     ------
  far data size        =    ------     ------
  huge data size       =    ------     ------
  const size           =    ------     ------
  hconst size          =    ------     ------
End of Module Information.


C251 COMPILATION COMPLETE.  0 WARNING(S),  0 ERROR(S)
