C251 COMPILER V5.60.0,  control                                                            28/02/25  00:09:34  PAGE 1   


C251 COMPILER V5.60.0, COMPILATION OF MODULE control
OBJECT MODULE PLACED IN .\out_file\control.obj
COMPILER INVOKED BY: D:\Keil_v5\C251\BIN\C251.EXE ..\code\control.c LARGE NOALIAS FLOAT64 WARNINGLEVEL(3) OPTIMIZE(SIZE)
                    - BROWSE INCDIR(..\..\libraries\zf_common;..\..\libraries\zf_components;..\..\libraries\zf_device;..\..\libraries\zf_driv
                    -er;..\user;..\code) DEBUG PRINT(.\out_file\control.lst) OBJECT(.\out_file\control.obj) 

stmt  level    source

    1          #include "control.h"
    2          
    3          // PID初始化函数
    4          void PID_Init(PID *pid, float kp, float ki, float kd) 
    5          {
    6   1          pid->kp = kp;
    7   1          pid->ki = ki;
    8   1          pid->kd = kd;
    9   1          pid->ek0 = 0;
   10   1          pid->ek1 = 0;
   11   1          pid->ek2 = 0;
   12   1          pid->integral = 0;
   13   1      }
   14          
   15          float PID_position(PID *pid, float Value_new, float goal)       //位置式PID
   16          {
   17   1          float output;
   18   1              
   19   1              pid->ek0 = goal - Value_new;
   20   1          pid->integral += pid->ek0;
   21   1              
   22   1          output = pid->kp * pid->ek0 + pid->ki * pid->integral + pid->kd * (pid->ek0 - pid->ek1);
   23   1          pid->ek1 = pid->ek0;
   24   1          return output;
   25   1      }
   26          
   27          float PID_increment(PID *pid, float Value_new, float goal)      //增量式PID
   28          {
   29   1          float output;
   30   1              
   31   1              pid->ek0 = goal - Value_new;
   32   1              
   33   1          output = pid->kp * (pid->ek0 - pid->ek1) + pid->ki * pid->ek0 + pid->kd * (pid->ek0-2*pid->ek1+pid->e
             -k2);
   34   1              pid->ek2 =pid->ek1;
   35   1          pid->ek1 = pid->ek0;  
   36   1          return output;
   37   1      }


Module Information          Static   Overlayable
------------------------------------------------
  code size            =       376     ------
  ecode size           =    ------     ------
  data size            =    ------     ------
  idata size           =    ------     ------
  pdata size           =    ------     ------
  xdata size           =    ------         16
  xdata-const size     =    ------     ------
  edata size           =    ------     ------
  bit size             =    ------     ------
  ebit size            =    ------     ------
  bitaddressable size  =    ------     ------
  ebitaddressable size =    ------     ------
  far data size        =    ------     ------
  huge data size       =    ------     ------
  const size           =    ------     ------
  hconst size          =    ------     ------
C251 COMPILER V5.60.0,  control                                                            28/02/25  00:09:34  PAGE 2   

End of Module Information.


C251 COMPILATION COMPLETE.  0 WARNING(S),  0 ERROR(S)
