C251 COMPILER V5.60.0,  sys                                                                15/02/25  01:53:51  PAGE 1   


C251 COMPILER V5.60.0, COMPILATION OF MODULE sys
OBJECT MODULE PLACED IN .\out_file\sys.obj
COMPILER INVOKED BY: D:\Keil_v5\C251\BIN\C251.EXE ..\code\sys.c LARGE NOALIAS FLOAT64 WARNINGLEVEL(3) OPTIMIZE(SIZE) BRO
                    -WSE INCDIR(..\..\libraries\zf_common;..\..\libraries\zf_components;..\..\libraries\zf_device;..\..\libraries\zf_driver;.
                    -.\user;..\code) DEBUG PRINT(.\out_file\sys.lst) OBJECT(.\out_file\sys.obj) 

stmt  level    source

    1          #include "sys.h"
    2          
    3          void All_Init(void)
    4          {
    5   1              rocker_init();                          //遥感初始化
    6   1              icm20602_init();                        //姿态传感器初始化
    7   1      //      imu660ra_init();
    8   1              ips200_init();                          //屏幕初始化
    9   1              Motor_Init();                           //电机初始化
   10   1              gps_init();                                     //GPS初始化
   11   1              tsl1401_init();                         //CCD初始化
   12   1      }


Module Information          Static   Overlayable
------------------------------------------------
  code size            =        18     ------
  ecode size           =    ------     ------
  data size            =    ------     ------
  idata size           =    ------     ------
  pdata size           =    ------     ------
  xdata size           =    ------     ------
  xdata-const size     =    ------     ------
  edata size           =    ------     ------
  bit size             =    ------     ------
  ebit size            =    ------     ------
  bitaddressable size  =    ------     ------
  ebitaddressable size =    ------     ------
  far data size        =    ------     ------
  huge data size       =    ------     ------
  const size           =    ------     ------
  hconst size          =    ------     ------
End of Module Information.


C251 COMPILATION COMPLETE.  0 WARNING(S),  0 ERROR(S)
